2021-05-20 09:07:44,735 INFO DEFAULT_GROUP@@service-consumer is changed, add it to push queue.

2021-05-20 09:08:50,363 INFO DEFAULT_GROUP@@service-provider is changed, add it to push queue.

2021-05-20 09:12:32,028 INFO DEFAULT_GROUP@@service-provider is changed, add it to push queue.

2021-05-20 09:12:32,099 INFO serviceName: DEFAULT_GROUP@@service-provider changed, schedule push for: 192.168.9.153:63828, agent: Nacos-Java-Client:v1.2.1, key: 192.168.9.153,63828,43173040169400

2021-05-20 09:12:32,099 INFO send udp packet: 192.168.9.153,63828,43173040169400

2021-05-20 09:12:32,105 INFO received ack: {"type": "push-ack", "lastRefTime":"43173040169400", "data":""} from: 192.168.9.153:63828, cost: 6 ms, unacked: 0, total push: 1

2021-05-20 13:30:07,859 INFO DEFAULT_GROUP@@service-provider is changed, add it to push queue.

2021-05-20 13:30:08,662 INFO DEFAULT_GROUP@@service-consumer is changed, add it to push queue.

2021-05-20 13:30:09,757 INFO DEFAULT_GROUP@@service-consumer is changed, add it to push queue.

2021-05-20 13:30:10,800 INFO DEFAULT_GROUP@@service-consumer is changed, add it to push queue.

2021-05-20 15:16:05,099 INFO DEFAULT_GROUP@@service-consumer is changed, add it to push queue.

2021-05-20 15:16:10,098 INFO DEFAULT_GROUP@@service-provider is changed, add it to push queue.

2021-05-20 15:16:20,186 INFO DEFAULT_GROUP@@service-consumer is changed, add it to push queue.

2021-05-20 15:16:25,134 INFO DEFAULT_GROUP@@service-provider is changed, add it to push queue.

2021-05-20 15:56:25,930 INFO DEFAULT_GROUP@@service-gateway is changed, add it to push queue.

2021-05-20 16:18:10,035 INFO DEFAULT_GROUP@@service-provider is changed, add it to push queue.

2021-05-20 16:21:16,430 INFO DEFAULT_GROUP@@service-provider is changed, add it to push queue.

2021-05-20 16:21:27,971 INFO DEFAULT_GROUP@@service-gateway is changed, add it to push queue.

2021-05-20 16:21:43,304 INFO DEFAULT_GROUP@@service-gateway is changed, add it to push queue.

2021-05-20 16:31:08,181 INFO DEFAULT_GROUP@@service-provider is changed, add it to push queue.

2021-05-20 16:31:26,348 INFO DEFAULT_GROUP@@service-provider is changed, add it to push queue.

2021-05-20 16:31:32,732 INFO DEFAULT_GROUP@@service-provider is changed, add it to push queue.

2021-05-20 16:31:37,671 INFO DEFAULT_GROUP@@service-provider is changed, add it to push queue.

2021-05-20 16:47:52,956 INFO DEFAULT_GROUP@@service-provider is changed, add it to push queue.

2021-05-20 16:57:01,494 INFO DEFAULT_GROUP@@service-9090 is changed, add it to push queue.

2021-05-20 16:57:21,533 INFO DEFAULT_GROUP@@service-9090 is changed, add it to push queue.

2021-05-20 16:57:36,567 INFO DEFAULT_GROUP@@service-9090 is changed, add it to push queue.

2021-05-20 16:59:43,933 INFO DEFAULT_GROUP@@service-9090 is changed, add it to push queue.

2021-05-20 17:19:54,950 WARN client: 192.168.9.153:56910 already associated with key serviceName: DEFAULT_GROUP@@service-9090, clusters: , address: /192.168.9.153:56910, agent: Nacos-Java-Client:v1.2.1

2021-05-20 17:20:27,126 INFO DEFAULT_GROUP@@service-9090 is changed, add it to push queue.

2021-05-20 17:20:27,243 INFO serviceName: DEFAULT_GROUP@@service-9090 changed, schedule push for: 192.168.9.153:55172, agent: Nacos-Java-Client:v1.2.1, key: 192.168.9.153,55172,72448148621600

2021-05-20 17:20:27,244 INFO send udp packet: 192.168.9.153,55172,72448148621600

2021-05-20 17:20:27,264 INFO received ack: {"type": "push-ack", "lastRefTime":"72448148621600", "data":""} from: 192.168.9.153:55172, cost: 20 ms, unacked: 0, total push: 1

