2021-05-20 08:28:30,017 INFO PERFORMANCE:|0|0|-1|-1

2021-05-20 08:33:30,028 INFO PERFORMANCE:|0|0|-1|-1

2021-05-20 08:38:30,040 INFO PERFORMANCE:|0|0|-1|-1

2021-05-20 08:43:30,047 INFO PERFORMANCE:|0|0|-1|-1

2021-05-20 08:48:30,049 INFO PERFORMANCE:|0|0|-1|-1

2021-05-20 08:53:30,051 INFO PERFORMANCE:|0|0|-1|-1

2021-05-20 08:58:30,055 INFO PERFORMANCE:|0|0|-1|-1

2021-05-20 09:03:30,066 INFO PERFORMANCE:|0|0|-1|-1

2021-05-20 09:08:30,082 INFO PERFORMANCE:|1|1|-1|-1

2021-05-20 09:13:30,094 INFO PERFORMANCE:|2|2|-1|-1

2021-05-20 09:18:30,098 INFO PERFORMANCE:|2|2|-1|-1

2021-05-20 09:23:30,105 INFO PERFORMANCE:|2|2|-1|-1

2021-05-20 09:28:30,118 INFO PERFORMANCE:|2|2|-1|-1

2021-05-20 09:33:30,127 INFO PERFORMANCE:|2|2|-1|-1

2021-05-20 09:38:30,141 INFO PERFORMANCE:|2|2|-1|-1

2021-05-20 09:43:30,150 INFO PERFORMANCE:|2|2|-1|-1

2021-05-20 09:48:30,152 INFO PERFORMANCE:|2|2|-1|-1

2021-05-20 09:53:30,160 INFO PERFORMANCE:|2|2|-1|-1

2021-05-20 09:58:30,169 INFO PERFORMANCE:|2|2|-1|-1

2021-05-20 10:03:30,180 INFO PERFORMANCE:|2|2|-1|-1

2021-05-20 10:08:30,190 INFO PERFORMANCE:|2|2|-1|-1

2021-05-20 10:13:30,194 INFO PERFORMANCE:|2|2|-1|-1

2021-05-20 10:18:30,206 INFO PERFORMANCE:|2|2|-1|-1

2021-05-20 10:23:30,219 INFO PERFORMANCE:|2|2|-1|-1

2021-05-20 10:28:30,230 INFO PERFORMANCE:|2|2|-1|-1

2021-05-20 10:33:30,245 INFO PERFORMANCE:|2|2|-1|-1

2021-05-20 10:38:30,257 INFO PERFORMANCE:|2|2|-1|-1

2021-05-20 10:43:30,266 INFO PERFORMANCE:|2|2|-1|-1

2021-05-20 10:48:30,275 INFO PERFORMANCE:|2|2|-1|-1

2021-05-20 10:53:30,282 INFO PERFORMANCE:|2|2|-1|-1

2021-05-20 10:58:30,283 INFO PERFORMANCE:|2|2|-1|-1

2021-05-20 11:03:30,293 INFO PERFORMANCE:|2|2|-1|-1

2021-05-20 11:08:30,306 INFO PERFORMANCE:|2|2|-1|-1

2021-05-20 11:13:30,311 INFO PERFORMANCE:|2|2|-1|-1

2021-05-20 11:18:30,326 INFO PERFORMANCE:|2|2|-1|-1

2021-05-20 11:23:30,340 INFO PERFORMANCE:|2|2|-1|-1

2021-05-20 11:28:30,347 INFO PERFORMANCE:|2|2|-1|-1

2021-05-20 11:33:30,352 INFO PERFORMANCE:|2|2|-1|-1

2021-05-20 11:38:30,361 INFO PERFORMANCE:|2|2|-1|-1

2021-05-20 11:43:30,363 INFO PERFORMANCE:|2|2|-1|-1

2021-05-20 11:48:30,364 INFO PERFORMANCE:|2|2|-1|-1

2021-05-20 11:53:30,365 INFO PERFORMANCE:|2|2|-1|-1

2021-05-20 11:58:30,373 INFO PERFORMANCE:|2|2|-1|-1

2021-05-20 12:03:30,384 INFO PERFORMANCE:|2|2|-1|-1

2021-05-20 12:08:30,394 INFO PERFORMANCE:|2|2|-1|-1

2021-05-20 12:13:30,399 INFO PERFORMANCE:|2|2|-1|-1

2021-05-20 12:18:30,408 INFO PERFORMANCE:|2|2|-1|-1

2021-05-20 12:23:30,412 INFO PERFORMANCE:|2|2|-1|-1

2021-05-20 12:28:30,414 INFO PERFORMANCE:|2|2|-1|-1

2021-05-20 12:33:30,430 INFO PERFORMANCE:|2|2|-1|-1

2021-05-20 12:38:30,442 INFO PERFORMANCE:|2|2|-1|-1

2021-05-20 12:43:30,451 INFO PERFORMANCE:|2|2|-1|-1

2021-05-20 12:48:30,464 INFO PERFORMANCE:|2|2|-1|-1

2021-05-20 12:53:30,468 INFO PERFORMANCE:|2|2|-1|-1

2021-05-20 12:58:30,470 INFO PERFORMANCE:|2|2|-1|-1

2021-05-20 13:30:39,853 INFO PERFORMANCE:|2|2|-1|-1

2021-05-20 13:35:39,865 INFO PERFORMANCE:|2|2|-1|-1

2021-05-20 13:40:39,871 INFO PERFORMANCE:|2|2|-1|-1

2021-05-20 13:45:39,881 INFO PERFORMANCE:|2|2|-1|-1

2021-05-20 13:50:39,895 INFO PERFORMANCE:|2|2|-1|-1

2021-05-20 13:55:39,898 INFO PERFORMANCE:|2|2|-1|-1

2021-05-20 14:00:39,901 INFO PERFORMANCE:|2|2|-1|-1

2021-05-20 14:05:39,915 INFO PERFORMANCE:|2|2|-1|-1

2021-05-20 14:10:39,924 INFO PERFORMANCE:|2|2|-1|-1

2021-05-20 14:15:39,933 INFO PERFORMANCE:|2|2|-1|-1

2021-05-20 14:20:39,935 INFO PERFORMANCE:|2|2|-1|-1

2021-05-20 14:25:39,947 INFO PERFORMANCE:|2|2|-1|-1

2021-05-20 14:30:39,959 INFO PERFORMANCE:|2|2|-1|-1

2021-05-20 14:35:39,965 INFO PERFORMANCE:|2|2|-1|-1

2021-05-20 14:40:39,966 INFO PERFORMANCE:|2|2|-1|-1

2021-05-20 14:45:39,975 INFO PERFORMANCE:|2|2|-1|-1

2021-05-20 14:50:39,980 INFO PERFORMANCE:|2|2|-1|-1

2021-05-20 14:55:39,982 INFO PERFORMANCE:|2|2|-1|-1

2021-05-20 15:00:39,983 INFO PERFORMANCE:|2|2|-1|-1

2021-05-20 15:05:39,993 INFO PERFORMANCE:|2|2|-1|-1

2021-05-20 15:10:40,043 INFO PERFORMANCE:|2|2|-1|-1

2021-05-20 15:15:40,053 INFO PERFORMANCE:|2|2|-1|-1

2021-05-20 15:20:40,055 INFO PERFORMANCE:|0|0|-1|-1

2021-05-20 15:54:14,536 INFO PERFORMANCE:|0|0|-1|-1

2021-05-20 15:59:14,579 INFO PERFORMANCE:|1|1|-1|-1

2021-05-20 16:04:14,590 INFO PERFORMANCE:|1|1|-1|-1

2021-05-20 16:09:14,597 INFO PERFORMANCE:|1|1|-1|-1

2021-05-20 16:14:14,603 INFO PERFORMANCE:|1|1|-1|-1

2021-05-20 16:19:14,609 INFO PERFORMANCE:|2|2|-1|-1

2021-05-20 16:24:14,623 INFO PERFORMANCE:|1|1|-1|-1

2021-05-20 16:29:14,628 INFO PERFORMANCE:|1|1|-1|-1

2021-05-20 16:34:14,637 INFO PERFORMANCE:|1|1|-1|-1

2021-05-20 16:39:14,648 INFO PERFORMANCE:|1|1|-1|-1

2021-05-20 16:44:14,654 INFO PERFORMANCE:|1|1|-1|-1

2021-05-20 16:49:14,661 INFO PERFORMANCE:|1|1|-1|-1

2021-05-20 16:54:14,663 INFO PERFORMANCE:|1|1|-1|-1

2021-05-20 16:59:14,677 INFO PERFORMANCE:|2|1|-1|-1

2021-05-20 17:04:14,687 INFO PERFORMANCE:|2|2|-1|-1

2021-05-20 17:09:14,703 INFO PERFORMANCE:|2|2|-1|-1

2021-05-20 17:14:14,718 INFO PERFORMANCE:|2|2|-1|-1

2021-05-20 17:19:14,724 INFO PERFORMANCE:|2|2|-1|-1

